Using pre-set license
Built from '2023.1/staging' branch; Version is '2023.1.0b11 (d7a57a783dcc) revision 14132602'; Using compiler version '192829333'; Build Type 'Release'
OS: 'Windows 10  (10.0.19045) 64bit CoreSingleLanguage' Language: 'en' Physical Memory: 3977 MB
BatchMode: 1, IsHumanControllingUs: 0, StartBugReporterOnCrash: 0, Is64bit: 1, IsPro: 1

COMMAND LINE ARGUMENTS:
C:\Program Files\Unity\Hub\Editor\2023.1.0b11\Editor\Unity.exe
-adb2
-batchMode
-noUpm
-name
AssetImportWorker124
-projectPath
C:/Users/User/Desktop/Disasters
-logFile
Logs/AssetImportWorker124.log
-srvPort
51132
Successfully changed project path to: C:/Users/User/Desktop/Disasters
C:/Users/User/Desktop/Disasters
[UnityMemory] Configuration Parameters - Can be set up in boot.config
    "memorysetup-bucket-allocator-granularity=16"
    "memorysetup-bucket-allocator-bucket-count=8"
    "memorysetup-bucket-allocator-block-size=33554432"
    "memorysetup-bucket-allocator-block-count=8"
    "memorysetup-main-allocator-block-size=16777216"
    "memorysetup-thread-allocator-block-size=16777216"
    "memorysetup-gfx-main-allocator-block-size=16777216"
    "memorysetup-gfx-thread-allocator-block-size=16777216"
    "memorysetup-cache-allocator-block-size=4194304"
    "memorysetup-typetree-allocator-block-size=2097152"
    "memorysetup-profiler-bucket-allocator-granularity=16"
    "memorysetup-profiler-bucket-allocator-bucket-count=8"
    "memorysetup-profiler-bucket-allocator-block-size=33554432"
    "memorysetup-profiler-bucket-allocator-block-count=8"
    "memorysetup-profiler-allocator-block-size=16777216"
    "memorysetup-profiler-editor-allocator-block-size=1048576"
    "memorysetup-temp-allocator-size-main=16777216"
    "memorysetup-job-temp-allocator-block-size=2097152"
    "memorysetup-job-temp-allocator-block-size-background=1048576"
    "memorysetup-job-temp-allocator-reduction-small-platforms=262144"
    "memorysetup-temp-allocator-size-background-worker=32768"
    "memorysetup-temp-allocator-size-job-worker=262144"
    "memorysetup-temp-allocator-size-preload-manager=33554432"
    "memorysetup-temp-allocator-size-nav-mesh-worker=65536"
    "memorysetup-temp-allocator-size-audio-worker=65536"
    "memorysetup-temp-allocator-size-cloud-worker=32768"
    "memorysetup-temp-allocator-size-gi-baking-worker=262144"
    "memorysetup-temp-allocator-size-gfx=262144"
Player connection [13252] Host "[IP] 192.168.0.113 [Port] 0 [Flags] 2 [Guid] 3551238264 [EditorId] 3551238264 [Version] 1048832 [Id] WindowsEditor(7,DESKTOP-UFVRGEN) [Debug] 1 [PackageName] WindowsEditor [ProjectName] Editor" joined multi-casting on [225.0.0.222:54997]...

Player connection [13252] Host "[IP] 192.168.0.113 [Port] 0 [Flags] 2 [Guid] 3551238264 [EditorId] 3551238264 [Version] 1048832 [Id] WindowsEditor(7,DESKTOP-UFVRGEN) [Debug] 1 [PackageName] WindowsEditor [ProjectName] Editor" joined alternative multi-casting on [225.0.0.222:34997]...

Library Redirect Path: Library/mdb reader table full -> cleaning up stale readers. Current readers:
    pid     thread     txnid
      3596 1b88 -
      3596 319c -
      3596 22d0 -
      3596 9f0 -
      9592 28d4 -
     10576 162c -
      7664 2bf4 -
      5468 aac -
      2632 2904 -
     12312 4b8 -
     13092 2fa8 -
     13028 338c -
     12520 2b48 7708
      4688 ea8 -
      1780 3380 -
     12744 21cc -
     12984 2ca8 -
      5272 ab8 7713
      9640 13e8 -
     11956 105c -
      4444 2f9c 7716
      1276 7a8 -
       708 1858 -
      6392 1160 -
     10712 2680 -
       904 313c -
     11096 2644 -
      2580 11a4 -
     11008 3368 -
     12624 3058 -
      2780 878 -
     10976 2dc4 -
     12284 29c0 -
     12968 2490 -
      2904 1fb8 -
     11404 227c -
      2148 243c -
     11700 2da0 -
     10684 3288 -
     12688 c48 -
      7724 994 -
     12660 2358 -
      9956 31fc -
      9764 2fdc -
      3164 2b98 -
     10820 1e4c -
     11980 578 -
      4868 2360 -
      5376 1d10 -
     11136 2dd4 -
      3556 244c -
      1648 2ed8 -
      6912 2ab0 -
      4244 32a4 -
     13180 295c -
     10860 22a4 -
     10552 2fc0 -
     10664 28d0 -
      7852 dd0 -
      7648 30fc -
     13136 2614 -
     12816 2ee0 -
      8032 c60 -
      6156 2c50 -
       412 5f8 -
      8556 25f0 -
      7132 24c8 -
      6996 31a0 -
      9616 1340 -
      1740 2620 -
      8516 3044 -
      6456 1bfc -
     11132 288c -
      8384 305c -
      9240 2434 -
     11548 98c -
     11840 2468 -
     10364 644 -
     13088 2394 -
     10800 20e4 -
     11092 fb4 -
     10316 1b94 -
     11284 1fd0 -
      9672 2c54 -
      9880 3264 -
      5312 308c -
      3632 1060 -
     11704 129c -
     10768 1320 -
     11460 181c -
     13140 2c7c -
      7072 1ccc -
      1548 1f90 -
      2224 b04 -
      1216 182c -
      2416 2ad8 -
     10988 2ad0 -
     10488 2e7c -
     11156 1c8c -
     12368 af4 -
      9064 2cd8 -
      3808 474 -
     13000 2610 -
      2008 28a0 -
     12632 1dfc -
      8360 1630 -
      1168 1ec8 -
     13112 29b0 -
      6384 1f00 -
     12752 126c -
      2004 1ea4 -
      3384 27dc -
      3576 21dc -
     11144 1ffc -
     12420 1f40 -
      2164 277c -
     13144 2a70 -
     12896 2be4 -
     12944 544 -
     10092 b20 -
      2244 289c -
      1256 132c -
     11912 2e78 -
     10828 1b4c -
      1788 2944 -
     12384 12ec -
Cleaned out 121 stale readers
Refreshing native plugins compatible for Editor in 172.88 ms, found 3 plugins.
Preloading 0 native plugins for Editor in 0.00 ms.
Initialize engine version: 2023.1.0b11 (d7a57a783dcc)
[Subsystems] Discovering subsystems at path C:/Program Files/Unity/Hub/Editor/2023.1.0b11/Editor/Data/Resources/UnitySubsystems
[Subsystems] Discovering subsystems at path C:/Users/User/Desktop/Disasters/Assets
GfxDevice: creating device client; threaded=0; jobified=0
Direct3D:
    Version:  Direct3D 11.0 [level 11.1]
    Renderer: AMD Radeon(TM) R3 Graphics (ID=0x98e4)
    Vendor:   ATI
    VRAM:     1988 MB
    Driver:   27.20.11044.7
Initialize mono
Mono path[0] = 'C:/Program Files/Unity/Hub/Editor/2023.1.0b11/Editor/Data/Managed'
Mono path[1] = 'C:/Program Files/Unity/Hub/Editor/2023.1.0b11/Editor/Data/MonoBleedingEdge/lib/mono/unityjit-win32'
Mono config path = 'C:/Program Files/Unity/Hub/Editor/2023.1.0b11/Editor/Data/MonoBleedingEdge/etc'
Using monoOptions --debugger-agent=transport=dt_socket,embedding=1,server=y,suspend=n,address=127.0.0.1:56724
Begin MonoManager ReloadAssembly
C:\build\output\Unity-Technologies\mono\mono\metadata\icall.c:1842:
C:\build\output\Unity-Technologies\mono\mono\metadata\icall.c:1842:
C:\build\output\Unity-Technologies\mono\mono\metadata\icall.c:1842:
C:\build\output\Unity-Technologies\mono\mono\metadata\icall.c:1842:
C:\build\output\Unity-Technologies\mono\mono\metadata\icall.c:1842:
C:\build\output\Unity-Technologies\mono\mono\metadata\icall.c:1842:
C:\build\output\Unity-Technologies\mono\mono\metadata\icall.c:1842:
C:\build\output\Unity-Technologies\mono\mono\metadata\icall.c:1842:
C:\build\output\Unity-Technologies\mono\mono\metadata\icall.c:1842:
C:\build\output\Unity-Technologies\mono\mono\metadata\icall.c:1842:
Registering precompiled unity dll's ...
Register platform support module: C:/Program Files/Unity/Hub/Editor/2023.1.0b11/Editor/Data/PlaybackEngines/WebGLSupport/UnityEditor.WebGL.Extensions.dll
Register platform support module: C:/Program Files/Unity/Hub/Editor/2023.1.0b11/Editor/Data/PlaybackEngines/WindowsStandaloneSupport/UnityEditor.WindowsStandalone.Extensions.dll
Register platform support module: C:/Program Files/Unity/Hub/Editor/2023.1.0b11/Editor/Data/PlaybackEngines/AndroidPlayer/UnityEditor.Android.Extensions.dll
Register platform support module: C:/Program Files/Unity/Hub/Editor/2023.1.0b11/Editor/Data/PlaybackEngines/iOSSupport/UnityEditor.iOS.Extensions.dll
Registered in 0.154132 seconds.
- Loaded All Assemblies, in  9.032 seconds
[usbmuxd] Start listen thread
[usbmuxd] Listen thread started
Native extension for iOS target not found
Native extension for Android target not found
Android Extension - Scanning For ADB Devices 5541 ms
Native extension for WindowsStandalone target not found
Native extension for WebGL target not found
